2024-05-03 21:49:00.645 KST [134] LOG:  starting PostgreSQL 15.6 on x86_64-apple-darwin20.6.0, compiled by Apple clang version 12.0.5 (clang-1205.0.22.9), 64-bit
2024-05-03 21:49:00.646 KST [134] LOG:  listening on IPv6 address "::", port 54315
2024-05-03 21:49:00.646 KST [134] LOG:  listening on IPv4 address "0.0.0.0", port 54315
2024-05-03 21:49:00.646 KST [134] LOG:  listening on Unix socket "/tmp/.s.PGSQL.54315"
2024-05-03 21:49:00.672 KST [340] LOG:  database system was shut down at 2024-05-03 18:50:10 KST
2024-05-03 21:49:00.685 KST [134] LOG:  database system is ready to accept connections
2024-05-03 21:54:00.843 KST [338] LOG:  checkpoint starting: time
2024-05-03 21:54:00.952 KST [338] LOG:  checkpoint complete: wrote 4 buffers (0.0%); 0 WAL file(s) added, 0 removed, 0 recycled; write=0.104 s, sync=0.001 s, total=0.109 s; sync files=3, longest=0.001 s, average=0.001 s; distance=0 kB, estimate=0 kB
2024-05-03 22:15:47.709 KST [10845] ERROR:  syntax error at or near "auto_increment" at character 33
2024-05-03 22:15:47.709 KST [10845] STATEMENT:  create table users(
	
	    id int auto_increment primary key,
	
	    user_id varchar(20),
	
	    pwd varchar(20),
	
	    name varchar(20),
	
	    created_at datetime default NOW()
	
	)
	
2024-05-03 22:16:30.225 KST [10845] ERROR:  syntax error at or near "int8" at character 33
2024-05-03 22:16:30.225 KST [10845] STATEMENT:  
	create table users(
	
	    id id int8 GENERATED BY DEFAULT AS IDENTITY( INCREMENT BY 1 MINVALUE 1 MAXVALUE 9223372036854775807 START 1 CACHE 1 NO CYCLE) NOT NULL,
	
	    user_id varchar(20),
	
	    pwd varchar(20),
	
	    name varchar(20),
	
	    created_at datetime default NOW(),
	    CONSTRAINT orders_pkey PRIMARY KEY (id)
	
	)
	
	
2024-05-03 22:16:45.151 KST [10845] ERROR:  type "datetime" does not exist at character 246
2024-05-03 22:16:45.151 KST [10845] STATEMENT:  create table users(
	
	    id int8 GENERATED BY DEFAULT AS IDENTITY( INCREMENT BY 1 MINVALUE 1 MAXVALUE 9223372036854775807 START 1 CACHE 1 NO CYCLE) NOT NULL,
	
	    user_id varchar(20),
	
	    pwd varchar(20),
	
	    name varchar(20),
	
	    created_at datetime default NOW(),
	    CONSTRAINT orders_pkey PRIMARY KEY (id)
	
	)
2024-05-03 22:17:09.057 KST [10845] ERROR:  relation "orders_pkey" already exists
2024-05-03 22:17:09.057 KST [10845] STATEMENT:  create table users(
	
	    id int8 GENERATED BY DEFAULT AS IDENTITY( INCREMENT BY 1 MINVALUE 1 MAXVALUE 9223372036854775807 START 1 CACHE 1 NO CYCLE) NOT NULL,
	
	    user_id varchar(20),
	
	    pwd varchar(20),
	
	    name varchar(20),
	
	    created_at date default NOW(),
	    CONSTRAINT orders_pkey PRIMARY KEY (id)
	
	)
2024-05-03 22:19:00.823 KST [338] LOG:  checkpoint starting: time
2024-05-03 22:19:04.710 KST [338] LOG:  checkpoint complete: wrote 39 buffers (0.2%); 0 WAL file(s) added, 0 removed, 0 recycled; write=3.872 s, sync=0.003 s, total=3.887 s; sync files=38, longest=0.001 s, average=0.001 s; distance=150 kB, estimate=150 kB
2024-05-03 22:29:02.820 KST [338] LOG:  checkpoint starting: time
2024-05-03 22:29:03.231 KST [338] LOG:  checkpoint complete: wrote 5 buffers (0.0%); 0 WAL file(s) added, 0 removed, 0 recycled; write=0.407 s, sync=0.002 s, total=0.411 s; sync files=4, longest=0.001 s, average=0.001 s; distance=0 kB, estimate=135 kB
2024-05-03 22:39:02.211 KST [338] LOG:  checkpoint starting: time
2024-05-03 22:39:05.572 KST [338] LOG:  checkpoint complete: wrote 34 buffers (0.2%); 0 WAL file(s) added, 0 removed, 0 recycled; write=3.355 s, sync=0.004 s, total=3.362 s; sync files=29, longest=0.001 s, average=0.001 s; distance=132 kB, estimate=135 kB
2024-05-03 23:04:02.522 KST [338] LOG:  checkpoint starting: time
2024-05-03 23:04:02.835 KST [338] LOG:  checkpoint complete: wrote 4 buffers (0.0%); 0 WAL file(s) added, 0 removed, 0 recycled; write=0.306 s, sync=0.002 s, total=0.313 s; sync files=4, longest=0.001 s, average=0.001 s; distance=1 kB, estimate=122 kB
