2024-03-24 22:51:23.839 KST [1092] LOG:  starting PostgreSQL 15.6 on x86_64-apple-darwin20.6.0, compiled by Apple clang version 12.0.5 (clang-1205.0.22.9), 64-bit
2024-03-24 22:51:23.839 KST [1092] LOG:  listening on IPv6 address "::", port 54315
2024-03-24 22:51:23.839 KST [1092] LOG:  listening on IPv4 address "0.0.0.0", port 54315
2024-03-24 22:51:23.840 KST [1092] LOG:  listening on Unix socket "/tmp/.s.PGSQL.54315"
2024-03-24 22:51:23.843 KST [1097] LOG:  database system was shut down at 2024-03-24 22:51:23 KST
2024-03-24 22:51:23.846 KST [1092] LOG:  database system is ready to accept connections
2024-03-24 22:56:23.831 KST [1095] LOG:  checkpoint starting: time
2024-03-24 22:56:31.332 KST [1095] LOG:  checkpoint complete: wrote 77 buffers (0.5%); 0 WAL file(s) added, 0 removed, 0 recycled; write=7.493 s, sync=0.005 s, total=7.502 s; sync files=31, longest=0.001 s, average=0.001 s; distance=414 kB, estimate=414 kB
2024-03-24 22:59:54.843 KST [1712] FATAL:  password authentication failed for user "postgres"
2024-03-24 22:59:54.843 KST [1712] DETAIL:  Connection matched pg_hba.conf line 89: "host    all             all             ::1/128                 scram-sha-256"
2024-03-24 23:01:23.318 KST [1095] LOG:  checkpoint starting: time
2024-03-24 23:01:24.034 KST [1095] LOG:  checkpoint complete: wrote 8 buffers (0.0%); 0 WAL file(s) added, 0 removed, 0 recycled; write=0.713 s, sync=0.002 s, total=0.718 s; sync files=7, longest=0.001 s, average=0.001 s; distance=18 kB, estimate=375 kB
2024-03-24 23:06:23.021 KST [1095] LOG:  checkpoint starting: time
2024-03-24 23:07:58.869 KST [1095] LOG:  checkpoint complete: wrote 946 buffers (5.8%); 0 WAL file(s) added, 0 removed, 0 recycled; write=95.831 s, sync=0.013 s, total=95.848 s; sync files=307, longest=0.001 s, average=0.001 s; distance=4295 kB, estimate=4295 kB
2024-03-24 23:19:00.893 KST [4000] FATAL:  password authentication failed for user "newbp_real"
2024-03-24 23:19:00.893 KST [4000] DETAIL:  Connection matched pg_hba.conf line 87: "host    all             all             127.0.0.1/32            scram-sha-256"
2024-03-24 23:26:23.823 KST [1095] LOG:  checkpoint starting: time
2024-03-24 23:27:50.499 KST [1095] LOG:  checkpoint complete: wrote 856 buffers (5.2%); 1 WAL file(s) added, 0 removed, 0 recycled; write=86.628 s, sync=0.038 s, total=86.677 s; sync files=701, longest=0.001 s, average=0.001 s; distance=5715 kB, estimate=5715 kB
2024-03-24 23:51:28.824 KST [1092] LOG:  received smart shutdown request
2024-03-24 23:51:28.837 KST [1092] LOG:  background worker "logical replication launcher" (PID 1100) exited with exit code 1
2024-03-24 23:51:28.838 KST [1095] LOG:  shutting down
2024-03-24 23:51:28.838 KST [1095] LOG:  checkpoint starting: shutdown immediate
2024-03-24 23:51:29.069 KST [1095] LOG:  checkpoint complete: wrote 0 buffers (0.0%); 0 WAL file(s) added, 0 removed, 0 recycled; write=0.001 s, sync=0.001 s, total=0.231 s; sync files=0, longest=0.000 s, average=0.000 s; distance=0 kB, estimate=5144 kB
2024-03-24 23:51:29.075 KST [1092] LOG:  database system is shut down
