2024-04-03 07:52:14.888 KST [131] LOG:  starting PostgreSQL 15.6 on x86_64-apple-darwin20.6.0, compiled by Apple clang version 12.0.5 (clang-1205.0.22.9), 64-bit
2024-04-03 07:52:14.888 KST [131] LOG:  listening on IPv6 address "::", port 54315
2024-04-03 07:52:14.888 KST [131] LOG:  listening on IPv4 address "0.0.0.0", port 54315
2024-04-03 07:52:14.889 KST [131] LOG:  listening on Unix socket "/tmp/.s.PGSQL.54315"
2024-04-03 07:52:14.903 KST [320] LOG:  database system was shut down at 2024-04-03 00:33:49 KST
2024-04-03 07:52:14.916 KST [131] LOG:  database system is ready to accept connections
2024-04-03 07:57:14.490 KST [318] LOG:  checkpoint starting: time
2024-04-03 07:57:14.496 KST [318] LOG:  checkpoint complete: wrote 3 buffers (0.0%); 0 WAL file(s) added, 0 removed, 0 recycled; write=0.002 s, sync=0.001 s, total=0.006 s; sync files=2, longest=0.001 s, average=0.001 s; distance=0 kB, estimate=0 kB
2024-04-03 14:21:58.735 KST [318] LOG:  checkpoint starting: time
2024-04-03 14:23:34.186 KST [318] LOG:  checkpoint complete: wrote 943 buffers (5.8%); 0 WAL file(s) added, 0 removed, 1 recycled; write=95.429 s, sync=0.015 s, total=95.451 s; sync files=306, longest=0.001 s, average=0.001 s; distance=4304 kB, estimate=4304 kB
2024-04-03 14:41:58.181 KST [318] LOG:  checkpoint starting: time
2024-04-03 14:42:03.993 KST [318] LOG:  checkpoint complete: wrote 58 buffers (0.4%); 0 WAL file(s) added, 0 removed, 0 recycled; write=5.798 s, sync=0.010 s, total=5.814 s; sync files=51, longest=0.007 s, average=0.001 s; distance=217 kB, estimate=3895 kB
2024-04-03 16:26:58.831 KST [318] LOG:  checkpoint starting: time
2024-04-03 16:27:08.090 KST [318] LOG:  checkpoint complete: wrote 92 buffers (0.6%); 0 WAL file(s) added, 0 removed, 0 recycled; write=9.248 s, sync=0.005 s, total=9.259 s; sync files=71, longest=0.001 s, average=0.001 s; distance=402 kB, estimate=3546 kB
2024-04-03 17:31:50.638 KST [7167] ERROR:  cannot execute INSERT in a read-only transaction
2024-04-03 17:31:50.638 KST [7167] STATEMENT:  insert into users (kakao_id) values ($1)
	RETURNING *
2024-04-03 17:31:58.977 KST [318] LOG:  checkpoint starting: time
2024-04-03 17:32:08.838 KST [318] LOG:  checkpoint complete: wrote 98 buffers (0.6%); 0 WAL file(s) added, 0 removed, 0 recycled; write=9.851 s, sync=0.005 s, total=9.861 s; sync files=71, longest=0.001 s, average=0.001 s; distance=506 kB, estimate=3242 kB
2024-04-03 17:36:58.831 KST [318] LOG:  checkpoint starting: time
2024-04-03 17:37:09.850 KST [318] LOG:  checkpoint complete: wrote 109 buffers (0.7%); 0 WAL file(s) added, 0 removed, 0 recycled; write=11.005 s, sync=0.008 s, total=11.020 s; sync files=72, longest=0.004 s, average=0.001 s; distance=628 kB, estimate=2980 kB
2024-04-03 17:41:58.844 KST [318] LOG:  checkpoint starting: time
2024-04-03 17:42:16.531 KST [318] LOG:  checkpoint complete: wrote 175 buffers (1.1%); 0 WAL file(s) added, 0 removed, 0 recycled; write=17.662 s, sync=0.010 s, total=17.687 s; sync files=137, longest=0.001 s, average=0.001 s; distance=1238 kB, estimate=2806 kB
2024-04-03 17:48:44.697 KST [131] LOG:  received smart shutdown request
2024-04-03 17:48:44.844 KST [131] LOG:  background worker "logical replication launcher" (PID 323) exited with exit code 1
2024-04-03 17:48:44.932 KST [318] LOG:  shutting down
2024-04-03 17:48:44.954 KST [318] LOG:  checkpoint starting: shutdown immediate
2024-04-03 17:48:44.963 KST [318] LOG:  checkpoint complete: wrote 0 buffers (0.0%); 0 WAL file(s) added, 0 removed, 0 recycled; write=0.001 s, sync=0.001 s, total=0.031 s; sync files=0, longest=0.000 s, average=0.000 s; distance=0 kB, estimate=2526 kB
2024-04-03 17:48:44.970 KST [131] LOG:  database system is shut down
