2024-05-10 09:51:01.888 KST [134] LOG:  starting PostgreSQL 15.6 on x86_64-apple-darwin20.6.0, compiled by Apple clang version 12.0.5 (clang-1205.0.22.9), 64-bit
2024-05-10 09:51:01.891 KST [134] LOG:  listening on IPv6 address "::", port 54315
2024-05-10 09:51:01.891 KST [134] LOG:  listening on IPv4 address "0.0.0.0", port 54315
2024-05-10 09:51:01.892 KST [134] LOG:  listening on Unix socket "/tmp/.s.PGSQL.54315"
2024-05-10 09:51:01.912 KST [286] LOG:  database system was shut down at 2024-05-09 17:43:34 KST
2024-05-10 09:51:01.923 KST [134] LOG:  database system is ready to accept connections
2024-05-10 09:56:02.036 KST [284] LOG:  checkpoint starting: time
2024-05-10 09:56:02.041 KST [284] LOG:  checkpoint complete: wrote 3 buffers (0.0%); 0 WAL file(s) added, 0 removed, 0 recycled; write=0.002 s, sync=0.001 s, total=0.005 s; sync files=2, longest=0.001 s, average=0.001 s; distance=0 kB, estimate=0 kB
2024-05-10 14:21:06.437 KST [45482] ERROR:  column "version" does not exist at character 8
2024-05-10 14:21:06.437 KST [45482] STATEMENT:  select version
2024-05-10 16:02:27.077 KST [45482] ERROR:  unrecognized configuration parameter "databases"
2024-05-10 16:02:27.077 KST [45482] STATEMENT:  
	
	
	show databases
2024-05-10 16:02:28.176 KST [45482] ERROR:  unrecognized configuration parameter "database"
2024-05-10 16:02:28.176 KST [45482] STATEMENT:  
	
	
	show database
2024-05-10 16:03:53.609 KST [54346] ERROR:  syntax error at or near "\" at character 1
2024-05-10 16:03:53.609 KST [54346] STATEMENT:  \l
2024-05-10 16:03:55.360 KST [54346] ERROR:  syntax error at or near "\" at character 1
2024-05-10 16:03:55.360 KST [54346] STATEMENT:  \l
2024-05-10 16:07:54.795 KST [45481] ERROR:  relation "pgagent.pga_job" does not exist at character 15
2024-05-10 16:07:54.795 KST [45481] STATEMENT:  SELECT * FROM pgagent.pga_job
2024-05-10 16:40:57.628 KST [63053] LOG:  invalid length of startup packet
2024-05-10 16:41:06.635 KST [63182] LOG:  invalid length of startup packet
2024-05-10 17:22:42.259 KST [134] LOG:  received smart shutdown request
2024-05-10 17:22:42.498 KST [134] LOG:  background worker "logical replication launcher" (PID 289) exited with exit code 1
2024-05-10 17:22:42.498 KST [284] LOG:  shutting down
2024-05-10 17:22:42.514 KST [284] LOG:  checkpoint starting: shutdown immediate
2024-05-10 17:22:42.565 KST [284] LOG:  checkpoint complete: wrote 5 buffers (0.0%); 0 WAL file(s) added, 0 removed, 0 recycled; write=0.037 s, sync=0.001 s, total=0.060 s; sync files=2, longest=0.001 s, average=0.001 s; distance=0 kB, estimate=0 kB
2024-05-10 17:22:42.570 KST [134] LOG:  database system is shut down
